<?xml version="1.0" encoding="UTF-8"?>
<coverage generated="1604580664">
  <project timestamp="1604580664">
    <file name="D:\LuhnApp\src\LuhnNumber.php">
      <class name="Anwita\LuhnNumber" namespace="global">
        <metrics complexity="9" methods="3" coveredmethods="2" conditionals="0" coveredconditionals="0" statements="33" coveredstatements="32" elements="36" coveredelements="34"/>
      </class>
      <line num="18" type="method" name="doubleDigit" visibility="protected" complexity="3" crap="3" count="2"/>
      <line num="20" type="stmt" count="2"/>
      <line num="21" type="stmt" count="2"/>
      <line num="22" type="stmt" count="2"/>
      <line num="23" type="stmt" count="2"/>
      <line num="25" type="stmt" count="2"/>
      <line num="27" type="stmt" count="2"/>
      <line num="28" type="stmt" count="2"/>
      <line num="30" type="stmt" count="2"/>
      <line num="38" type="method" name="generate" visibility="public" complexity="4" crap="4.00" count="1"/>
      <line num="40" type="stmt" count="1"/>
      <line num="41" type="stmt" count="1"/>
      <line num="42" type="stmt" count="0"/>
      <line num="44" type="stmt" count="1"/>
      <line num="45" type="stmt" count="1"/>
      <line num="46" type="stmt" count="1"/>
      <line num="47" type="stmt" count="1"/>
      <line num="48" type="stmt" count="1"/>
      <line num="50" type="stmt" count="1"/>
      <line num="51" type="stmt" count="1"/>
      <line num="52" type="stmt" count="1"/>
      <line num="54" type="stmt" count="1"/>
      <line num="55" type="stmt" count="1"/>
      <line num="56" type="stmt" count="1"/>
      <line num="57" type="stmt" count="1"/>
      <line num="64" type="method" name="validate" visibility="public" complexity="2" crap="2" count="2"/>
      <line num="66" type="stmt" count="2"/>
      <line num="67" type="stmt" count="2"/>
      <line num="68" type="stmt" count="2"/>
      <line num="69" type="stmt" count="2"/>
      <line num="70" type="stmt" count="2"/>
      <line num="71" type="stmt" count="2"/>
      <line num="72" type="stmt" count="2"/>
      <line num="73" type="stmt" count="2"/>
      <line num="75" type="stmt" count="2"/>
      <line num="76" type="stmt" count="2"/>
      <line num="79" type="stmt" count="1"/>
      <metrics loc="78" ncloc="60" classes="1" methods="3" coveredmethods="2" conditionals="0" coveredconditionals="0" statements="33" coveredstatements="32" elements="36" coveredelements="34"/>
    </file>
    <metrics files="1" loc="78" ncloc="60" classes="1" methods="3" coveredmethods="2" conditionals="0" coveredconditionals="0" statements="33" coveredstatements="32" elements="36" coveredelements="34"/>
  </project>
</coverage>
